<?xml version="1.0" encoding="UTF-8"?>
<!-- Generated by org.testng.reporters.JUnitReportReporter -->
<testsuite skipped="0" hostname="Nileshs-MacBook-Air-2.local" name="com.acti.base.DriverScript" tests="1" failures="0" timestamp="29 Jul 2020 21:18:53 GMT" time="8.694" errors="0">
  <testcase name="initBrowser" time="8.694" classname="com.acti.base.DriverScript"/>
</testsuite> <!-- com.acti.base.DriverScript -->
